#
# There is insufficient memory for the Java Runtime Environment to continue.
# Native memory allocation (mmap) failed to map 132120576 bytes for G1 virtual space
# Possible reasons:
#   The system is out of physical RAM or swap space
#   The process is running with CompressedOops enabled, and the Java Heap may be blocking the growth of the native heap
# Possible solutions:
#   Reduce memory load on the system
#   Increase physical memory or swap space
#   Check if swap backing store is full
#   Decrease Java heap size (-Xmx/-Xms)
#   Decrease number of Java threads
#   Decrease Java thread stack sizes (-Xss)
#   Set larger code cache with -XX:ReservedCodeCacheSize=
#   JVM is running with Unscaled Compressed Oops mode in which the Java heap is
#     placed in the first 4GB address space. The Java Heap base address is the
#     maximum limit for the native heap growth. Please use -XX:HeapBaseMinAddress
#     to set the Java Heap base and to place the Java Heap above 4GB virtual address.
# This output file may be truncated or incomplete.
#
#  Out of Memory Error (os_windows.cpp:3535), pid=9736, tid=5592
#
# JRE version:  (17.0.3+7) (build )
# Java VM: OpenJDK 64-Bit Server VM (17.0.3+7, mixed mode, sharing, tiered, compressed oops, compressed class ptrs, g1 gc, windows-amd64)
# No core dump will be written. Minidumps are not enabled by default on client versions of Windows
#

---------------  S U M M A R Y ------------

Command Line: -Dfile.encoding=UTF-8 -XX:+ShowCodeDetailsInExceptionMessages br.com.empiricus.metodos.TetsaMetodo

Host: Intel(R) Core(TM) i5-7200U CPU @ 2.50GHz, 4 cores, 7G,  Windows 10 , 64 bit Build 19041 (10.0.19041.1741)
Time: Mon Jul 11 21:11:03 2022 Hora oficial do Brasil elapsed time: 0.066271 seconds (0d 0h 0m 0s)

---------------  T H R E A D  ---------------

Current thread (0x000002769a0d8fd0):  JavaThread "Unknown thread" [_thread_in_vm, id=5592, stack(0x000000cefb400000,0x000000cefb500000)]

Stack: [0x000000cefb400000,0x000000cefb500000]
Native frames: (J=compiled Java code, j=interpreted, Vv=VM code, C=native code)
V  [jvm.dll+0x675efa]
V  [jvm.dll+0x830a24]
V  [jvm.dll+0x8321ce]
V  [jvm.dll+0x832833]
V  [jvm.dll+0x2454b5]
V  [jvm.dll+0x672de9]
V  [jvm.dll+0x667732]
V  [jvm.dll+0x3043ab]
V  [jvm.dll+0x30b8f6]
V  [jvm.dll+0x35b62e]
V  [jvm.dll+0x35b85f]
V  [jvm.dll+0x2db248]
V  [jvm.dll+0x2dc1b4]
V  [jvm.dll+0x802651]
V  [jvm.dll+0x3693b1]
V  [jvm.dll+0x7e1aac]
V  [jvm.dll+0x3ebd8f]
V  [jvm.dll+0x3ed911]
C  [jli.dll+0x5277]
C  [ucrtbase.dll+0x21bb2]
C  [KERNEL32.DLL+0x17034]
C  [ntdll.dll+0x52651]


---------------  P R O C E S S  ---------------

Threads class SMR info:
_java_thread_list=0x00007ffa18cc6e98, length=0, elements={
}

Java Threads: ( => current thread )

Other Threads:
  0x000002769a136660 GCTaskThread "GC Thread#0" [stack: 0x000000cefb500000,0x000000cefb600000] [id=3476]
  0x000002769a147fb0 ConcurrentGCThread "G1 Main Marker" [stack: 0x000000cefb600000,0x000000cefb700000] [id=2368]
  0x000002769a149160 ConcurrentGCThread "G1 Conc#0" [stack: 0x000000cefb700000,0x000000cefb800000] [id=536]

[error occurred during error reporting (printing all threads), id 0xc0000005, EXCEPTION_ACCESS_VIOLATION (0xc0000005) at pc=0x00007ffa1849bcd7]

VM state: not at safepoint (not fully initialized)

VM Mutex/Monitor currently owned by a thread:  ([mutex/lock_event])
[0x000002769a0d4a60] Heap_lock - owner thread: 0x000002769a0d8fd0

Heap address: 0x0000000083000000, size: 2000 MB, Compressed Oops mode: 32-bit

CDS archive(s) mapped at: [0x0000000000000000-0x0000000000000000-0x0000000000000000), size 0, SharedBaseAddress: 0x0000000800000000, ArchiveRelocationMode: 0.
Narrow klass base: 0x0000000000000000, Narrow klass shift: 0, Narrow klass range: 0x0

GC Precious Log:
<Empty>

Heap:
 garbage-first heap   total 0K, used 0K [0x0000000083000000, 0x0000000100000000)
  region size 1024K, 0 young (0K), 0 survivors (0K)

[error occurred during error reporting (printing heap information), id 0xc0000005, EXCEPTION_ACCESS_VIOLATION (0xc0000005) at pc=0x00007ffa1887f249]

GC Heap History (0 events):
No events

Deoptimization events (0 events):
No events

Classes unloaded (0 events):
No events

Classes redefined (0 events):
No events

Internal exceptions (0 events):
No events

VM Operations (0 events):
No events

Events (1 events):
Event: 0.030 Loaded shared library C:\Users\Geisiele\Downloads\sts-4.15.1.RELEASE\plugins\org.eclipse.justj.openjdk.hotspot.jre.full.win32.x86_64_17.0.3.v20220515-1416\jre\bin\java.dll


Dynamic libraries:
0x00007ff650af0000 - 0x00007ff650afe000 	C:\Users\Geisiele\Downloads\sts-4.15.1.RELEASE\plugins\org.eclipse.justj.openjdk.hotspot.jre.full.win32.x86_64_17.0.3.v20220515-1416\jre\bin\javaw.exe
0x00007ffa74a10000 - 0x00007ffa74c07000 	C:\Windows\SYSTEM32\ntdll.dll
0x00007ffa73350000 - 0x00007ffa7340d000 	C:\Windows\System32\KERNEL32.DLL
0x00007ffa72160000 - 0x00007ffa7242d000 	C:\Windows\System32\KERNELBASE.dll
0x00007ffa72510000 - 0x00007ffa72610000 	C:\Windows\System32\ucrtbase.dll
0x00007ffa5bb80000 - 0x00007ffa5bb98000 	C:\Users\Geisiele\Downloads\sts-4.15.1.RELEASE\plugins\org.eclipse.justj.openjdk.hotspot.jre.full.win32.x86_64_17.0.3.v20220515-1416\jre\bin\jli.dll
0x00007ffa72e80000 - 0x00007ffa73020000 	C:\Windows\System32\USER32.dll
0x00007ffa72a40000 - 0x00007ffa72a62000 	C:\Windows\System32\win32u.dll
0x00007ffa72df0000 - 0x00007ffa72e1a000 	C:\Windows\System32\GDI32.dll
0x00007ffa72930000 - 0x00007ffa72a3b000 	C:\Windows\System32\gdi32full.dll
0x00007ffa72610000 - 0x00007ffa726ad000 	C:\Windows\System32\msvcp_win.dll
0x00007ffa52910000 - 0x00007ffa52929000 	C:\Users\Geisiele\Downloads\sts-4.15.1.RELEASE\plugins\org.eclipse.justj.openjdk.hotspot.jre.full.win32.x86_64_17.0.3.v20220515-1416\jre\bin\VCRUNTIME140.dll
0x00007ffa68a60000 - 0x00007ffa68cfa000 	C:\Windows\WinSxS\amd64_microsoft.windows.common-controls_6595b64144ccf1df_6.0.19041.1110_none_60b5254171f9507e\COMCTL32.dll
0x00007ffa73bc0000 - 0x00007ffa73c5e000 	C:\Windows\System32\msvcrt.dll
0x00007ffa732b0000 - 0x00007ffa732e0000 	C:\Windows\System32\IMM32.DLL
0x00007ffa61440000 - 0x00007ffa6144c000 	C:\Users\Geisiele\Downloads\sts-4.15.1.RELEASE\plugins\org.eclipse.justj.openjdk.hotspot.jre.full.win32.x86_64_17.0.3.v20220515-1416\jre\bin\vcruntime140_1.dll
0x00007ffa4ae40000 - 0x00007ffa4aed1000 	C:\Users\Geisiele\Downloads\sts-4.15.1.RELEASE\plugins\org.eclipse.justj.openjdk.hotspot.jre.full.win32.x86_64_17.0.3.v20220515-1416\jre\bin\msvcp140.dll
0x00007ffa181b0000 - 0x00007ffa18df8000 	C:\Users\Geisiele\Downloads\sts-4.15.1.RELEASE\plugins\org.eclipse.justj.openjdk.hotspot.jre.full.win32.x86_64_17.0.3.v20220515-1416\jre\bin\server\jvm.dll
0x00007ffa72d40000 - 0x00007ffa72dee000 	C:\Windows\System32\ADVAPI32.dll
0x00007ffa74180000 - 0x00007ffa7421c000 	C:\Windows\System32\sechost.dll
0x00007ffa72a70000 - 0x00007ffa72b95000 	C:\Windows\System32\RPCRT4.dll
0x00007ffa72c50000 - 0x00007ffa72c58000 	C:\Windows\System32\PSAPI.DLL
0x00007ffa6f8c0000 - 0x00007ffa6f8c9000 	C:\Windows\SYSTEM32\WSOCK32.dll
0x00007ffa732e0000 - 0x00007ffa7334b000 	C:\Windows\System32\WS2_32.dll
0x00007ffa6c1d0000 - 0x00007ffa6c1f7000 	C:\Windows\SYSTEM32\WINMM.dll
0x00007ffa6c500000 - 0x00007ffa6c50a000 	C:\Windows\SYSTEM32\VERSION.dll
0x00007ffa6ff50000 - 0x00007ffa6ff62000 	C:\Windows\SYSTEM32\kernel.appcore.dll
0x00007ffa6d3c0000 - 0x00007ffa6d3ca000 	C:\Users\Geisiele\Downloads\sts-4.15.1.RELEASE\plugins\org.eclipse.justj.openjdk.hotspot.jre.full.win32.x86_64_17.0.3.v20220515-1416\jre\bin\jimage.dll
0x00007ffa5b920000 - 0x00007ffa5bb04000 	C:\Windows\SYSTEM32\DBGHELP.DLL
0x00007ffa5b8f0000 - 0x00007ffa5b91c000 	C:\Windows\SYSTEM32\dbgcore.DLL
0x00007ffa72480000 - 0x00007ffa72502000 	C:\Windows\System32\bcryptPrimitives.dll
0x00007ffa6d170000 - 0x00007ffa6d195000 	C:\Users\Geisiele\Downloads\sts-4.15.1.RELEASE\plugins\org.eclipse.justj.openjdk.hotspot.jre.full.win32.x86_64_17.0.3.v20220515-1416\jre\bin\java.dll

dbghelp: loaded successfully - version: 4.0.5 - missing functions: none
symbol engine: initialized successfully - sym options: 0x614 - pdb path: .;C:\Users\Geisiele\Downloads\sts-4.15.1.RELEASE\plugins\org.eclipse.justj.openjdk.hotspot.jre.full.win32.x86_64_17.0.3.v20220515-1416\jre\bin;C:\Windows\SYSTEM32;C:\Windows\WinSxS\amd64_microsoft.windows.common-controls_6595b64144ccf1df_6.0.19041.1110_none_60b5254171f9507e;C:\Users\Geisiele\Downloads\sts-4.15.1.RELEASE\plugins\org.eclipse.justj.openjdk.hotspot.jre.full.win32.x86_64_17.0.3.v20220515-1416\jre\bin\server

VM Arguments:
jvm_args: -Dfile.encoding=UTF-8 -XX:+ShowCodeDetailsInExceptionMessages 
java_command: br.com.empiricus.metodos.TetsaMetodo
java_class_path (initial): C:\Users\Geisiele\Documents\workspace\TurmaEmpiricus06\bin
Launcher Type: SUN_STANDARD

[Global flags]
     intx CICompilerCount                          = 3                                         {product} {ergonomic}
     uint ConcGCThreads                            = 1                                         {product} {ergonomic}
     uint G1ConcRefinementThreads                  = 4                                         {product} {ergonomic}
   size_t G1HeapRegionSize                         = 1048576                                   {product} {ergonomic}
    uintx GCDrainStackTargetSize                   = 64                                        {product} {ergonomic}
   size_t InitialHeapSize                          = 132120576                                 {product} {ergonomic}
   size_t MarkStackSize                            = 4194304                                   {product} {ergonomic}
   size_t MaxHeapSize                              = 2097152000                                {product} {ergonomic}
   size_t MinHeapDeltaBytes                        = 1048576                                   {product} {ergonomic}
   size_t MinHeapSize                              = 8388608                                   {product} {ergonomic}
    uintx NonNMethodCodeHeapSize                   = 5832780                                {pd product} {ergonomic}
    uintx NonProfiledCodeHeapSize                  = 122912730                              {pd product} {ergonomic}
    uintx ProfiledCodeHeapSize                     = 122912730                              {pd product} {ergonomic}
    uintx ReservedCodeCacheSize                    = 251658240                              {pd product} {ergonomic}
     bool SegmentedCodeCache                       = true                                      {product} {ergonomic}
     bool ShowCodeDetailsInExceptionMessages       = true                                   {manageable} {command line}
   size_t SoftMaxHeapSize                          = 2097152000                             {manageable} {ergonomic}
     bool UseCompressedClassPointers               = true                           {product lp64_product} {ergonomic}
     bool UseCompressedOops                        = true                           {product lp64_product} {ergonomic}
     bool UseG1GC                                  = true                                      {product} {ergonomic}
     bool UseLargePagesIndividualAllocation        = false                                  {pd product} {ergonomic}

Logging:
Log output configuration:
 #0: stdout all=warning uptime,level,tags
 #1: stderr all=off uptime,level,tags

Environment Variables:
PATH=C:/Users/Geisiele/Downloads/sts-4.15.1.RELEASE//plugins/org.eclipse.justj.openjdk.hotspot.jre.full.win32.x86_64_17.0.3.v20220515-1416/jre/bin/server;C:/Users/Geisiele/Downloads/sts-4.15.1.RELEASE//plugins/org.eclipse.justj.openjdk.hotspot.jre.full.win32.x86_64_17.0.3.v20220515-1416/jre/bin;C:\Program Files (x86)\Common Files\Oracle\Java\javapath;C:\Windows\system32;C:\Windows;C:\Windows\System32\Wbem;C:\Windows\System32\WindowsPowerShell\v1.0\;C:\Windows\System32\OpenSSH\;C:\Program Files\nodejs\;C:\Program Files\Git\cmd;C:\Users\Geisiele\AppData\Local\Microsoft\WindowsApps;C:\Users\Geisiele\AppData\Roaming\npm;C:\Users\Geisiele\AppData\Local\Programs\Microsoft VS Code\bin;C:\Users\Geisiele\Downloads\sts-4.15.1.RELEASE;
USERNAME=Geisiele
OS=Windows_NT
PROCESSOR_IDENTIFIER=Intel64 Family 6 Model 142 Stepping 9, GenuineIntel



---------------  S Y S T E M  ---------------

OS:
 Windows 10 , 64 bit Build 19041 (10.0.19041.1741)
OS uptime: 14 days 2:20 hours

CPU: total 4 (initial active 4) (2 cores per cpu, 2 threads per core) family 6 model 142 stepping 9 microcode 0xb4, cx8, cmov, fxsr, ht, mmx, 3dnowpref, sse, sse2, sse3, ssse3, sse4.1, sse4.2, popcnt, lzcnt, tsc, tscinvbit, avx, avx2, aes, erms, clmul, bmi1, bmi2, adx, fma, vzeroupper, clflush, clflushopt

Memory: 4k page, system-wide physical 7998M (2240M free)
TotalPageFile size 9922M (AvailPageFile size 126M)
current process WorkingSet (physical memory assigned to process): 10M, peak: 10M
current process commit charge ("private bytes"): 51M, peak: 177M

vm_info: OpenJDK 64-Bit Server VM (17.0.3+7) for windows-amd64 JRE (17.0.3+7), built on Apr 19 2022 16:55:35 by "" with MS VC++ 16.7 (VS2019)

END.
